Removed Pin From Net: NetName=VOUT_1 Pin=C5-1
Removed Pin From Net: NetName=GND Pin=C5-2
Removed Pin From Net: NetName=3.3V_1 Pin=C6-1
Removed Pin From Net: NetName=GND Pin=C6-2
Removed Pin From Net: NetName=NetC7_1 Pin=C7-1
Removed Pin From Net: NetName=NetC7_2 Pin=C7-2
Removed Pin From Net: NetName=NetC8_1 Pin=C8-1
Removed Pin From Net: NetName=NetC8_2 Pin=C8-2
Removed Pin From Net: NetName=VOUT_1 Pin=C12-1
Removed Pin From Net: NetName=GND Pin=C12-2
Removed Pin From Net: NetName=NetC7_1 Pin=J13-1
Removed Pin From Net: NetName=NetC7_2 Pin=J13-2
Removed Pin From Net: NetName=NetC8_1 Pin=J14-1
Removed Pin From Net: NetName=NetC8_2 Pin=J14-2
Removed Pin From Net: NetName=NetC8_2 Pin=U3-7
Removed Pin From Net: NetName=NetC8_1 Pin=U3-8
Removed Pin From Net: NetName=NetC7_2 Pin=U3-9
Removed Pin From Net: NetName=NetC7_1 Pin=U3-10
Removed Member From Class: ClassName=RaspberryPi3_Cape_V1.0 Member=C5
Removed Member From Class: ClassName=RaspberryPi3_Cape_V1.0 Member=C6
Removed Member From Class: ClassName=RaspberryPi3_Cape_V1.0 Member=C7
Removed Member From Class: ClassName=RaspberryPi3_Cape_V1.0 Member=C8
Removed Member From Class: ClassName=RaspberryPi3_Cape_V1.0 Member=C12
Change Component Comment : Designator=R3 Old Comment=5K Ohm New Comment=4.7 Ohm
Change Component Comment : Designator=R4 Old Comment=5K Ohm New Comment=4.7 Ohm
Change Component Comment : Designator=R5 Old Comment=5K Ohm New Comment=4.7 Ohm
Change Component Comment : Designator=R6 Old Comment=5K Ohm New Comment=4.7 Ohm
Added Pin To Net: NetName=NetC8_2 Pin=J13-1
Added Pin To Net: NetName=NetC8_1 Pin=J13-2
Added Pin To Net: NetName=NetC7_2 Pin=J14-1
Added Pin To Net: NetName=NetC7_1 Pin=J14-2
Added Pin To Net: NetName=NetC7_1 Pin=U3-7
Added Pin To Net: NetName=NetC7_2 Pin=U3-8
Added Pin To Net: NetName=NetC8_1 Pin=U3-9
Added Pin To Net: NetName=NetC8_2 Pin=U3-10
Change Net Name : Old Net Name=NetC7_1 New Net Name=NetJ14_2
Change Net Name : Old Net Name=NetC7_2 New Net Name=NetJ14_1
Change Net Name : Old Net Name=NetC8_1 New Net Name=NetJ13_2
Change Net Name : Old Net Name=NetC8_2 New Net Name=NetJ13_1
Added Room: Name=RaspberryPi3_Cape_V1.0
