Removed Pin From Net: NetName=NetJ13_1 Pin=J13-1
Removed Pin From Net: NetName=NetJ13_2 Pin=J13-2
Removed Pin From Net: NetName=NetJ14_1 Pin=J14-1
Removed Pin From Net: NetName=NetJ14_2 Pin=J14-2
Removed Pin From Net: NetName=NetJ14_2 Pin=U3-7
Removed Pin From Net: NetName=NetJ14_1 Pin=U3-8
Removed Pin From Net: NetName=NetJ13_2 Pin=U3-9
Removed Pin From Net: NetName=NetJ13_1 Pin=U3-10
Added Component: Designator=C5(Cap_Pol_P-2.5mm)
Added Component: Designator=C6(Cap_Pol_P-2.5mm)
Added Component: Designator=C7(Cap_Pol_P-2.5mm)
Added Component: Designator=C8(Cap_Pol_P-2.5mm)
Added Component: Designator=C12(Cap_Pol_P-2.5mm)
Added Pin To Net: NetName=VOUT_1 Pin=C5-1
Added Pin To Net: NetName=GND Pin=C5-2
Added Pin To Net: NetName=3.3V_1 Pin=C6-1
Added Pin To Net: NetName=GND Pin=C6-2
Added Pin To Net: NetName=NetJ14_2 Pin=C7-1
Added Pin To Net: NetName=NetJ14_1 Pin=C7-2
Added Pin To Net: NetName=NetJ13_2 Pin=C8-1
Added Pin To Net: NetName=NetJ13_1 Pin=C8-2
Added Pin To Net: NetName=VOUT_1 Pin=C12-1
Added Pin To Net: NetName=GND Pin=C12-2
Added Pin To Net: NetName=NetJ14_2 Pin=J13-1
Added Pin To Net: NetName=NetJ14_1 Pin=J13-2
Added Pin To Net: NetName=NetJ13_2 Pin=J14-1
Added Pin To Net: NetName=NetJ13_1 Pin=J14-2
Added Pin To Net: NetName=NetJ13_1 Pin=U3-7
Added Pin To Net: NetName=NetJ13_2 Pin=U3-8
Added Pin To Net: NetName=NetJ14_1 Pin=U3-9
Added Pin To Net: NetName=NetJ14_2 Pin=U3-10
Change Net Name : Old Net Name=NetJ13_1 New Net Name=NetC8_2
Change Net Name : Old Net Name=NetJ13_2 New Net Name=NetC8_1
Change Net Name : Old Net Name=NetJ14_1 New Net Name=NetC7_2
Change Net Name : Old Net Name=NetJ14_2 New Net Name=NetC7_1
Added Member To Class: ClassName=RaspberryPi3_Cape_V1.0 Member=Component C5 10uF
Added Member To Class: ClassName=RaspberryPi3_Cape_V1.0 Member=Component C6 10uF
Added Member To Class: ClassName=RaspberryPi3_Cape_V1.0 Member=Component C7 100uF
Added Member To Class: ClassName=RaspberryPi3_Cape_V1.0 Member=Component C8 100uF
Added Member To Class: ClassName=RaspberryPi3_Cape_V1.0 Member=Component C12 33uF
