Removed Pin From Net: NetName=VOUT_1 Pin=C1-1
Removed Pin From Net: NetName=GND Pin=C1-2
Removed Pin From Net: NetName=VOUT_1 Pin=C2-1
Removed Pin From Net: NetName=GND Pin=C2-2
Removed Pin From Net: NetName=3.3V_1 Pin=C3-1
Removed Pin From Net: NetName=GND Pin=C3-2
Removed Pin From Net: NetName=3.3V_1 Pin=C4-1
Removed Pin From Net: NetName=GND Pin=C4-2
Removed Pin From Net: NetName=VOUT_1 Pin=J2-1
Removed Pin From Net: NetName=GND Pin=J2-2
Removed Pin From Net: NetName=VOUT_1 Pin=J3-1
Removed Pin From Net: NetName=GND Pin=J3-2
Removed Pin From Net: NetName=3.3V_1 Pin=J4-1
Removed Pin From Net: NetName=GND Pin=J4-2
Removed Pin From Net: NetName=3.3V_1 Pin=J5-1
Removed Pin From Net: NetName=GND Pin=J5-2
Added Pin To Net: NetName=GND Pin=C1-1
Added Pin To Net: NetName=VOUT_1 Pin=C1-2
Added Pin To Net: NetName=GND Pin=C2-1
Added Pin To Net: NetName=VOUT_1 Pin=C2-2
Added Pin To Net: NetName=GND Pin=C3-1
Added Pin To Net: NetName=3.3V_1 Pin=C3-2
Added Pin To Net: NetName=GND Pin=C4-1
Added Pin To Net: NetName=3.3V_1 Pin=C4-2
Added Pin To Net: NetName=GND Pin=J2-1
Added Pin To Net: NetName=VOUT_1 Pin=J2-2
Added Pin To Net: NetName=GND Pin=J3-1
Added Pin To Net: NetName=VOUT_1 Pin=J3-2
Added Pin To Net: NetName=GND Pin=J4-1
Added Pin To Net: NetName=3.3V_1 Pin=J4-2
Added Pin To Net: NetName=GND Pin=J5-1
Added Pin To Net: NetName=3.3V_1 Pin=J5-2
Added Member To Class: ClassName=RaspberryPi3_Cape_V1.0 Member=Component J2 JST_1x2_2.54mm
Added Room: Name=RaspberryPi3_Cape_V1.0
