Removed Pin From Net: NetName=VOUT_2 Pin=U2-2
Removed Pin From Net: NetName=I2C1_SDA Pin=U2-3
Removed Pin From Net: NetName=I2C1_SCL Pin=U2-5
Removed Pin From Net: NetName=GND Pin=U2-6
Removed Pin From Net: NetName=GPIO4 Pin=U2-7
Removed Pin From Net: NetName=UART0_TX Pin=U2-8
Removed Pin From Net: NetName=GND Pin=U2-9
Removed Pin From Net: NetName=UART0_RX Pin=U2-10
Removed Pin From Net: NetName=GPIO17 Pin=U2-11
Removed Pin From Net: NetName=GPIO27 Pin=U2-13
Removed Pin From Net: NetName=GND Pin=U2-14
Removed Pin From Net: NetName=GPIO22 Pin=U2-15
Removed Pin From Net: NetName=SPI0_MOSI Pin=U2-19
Removed Pin From Net: NetName=GND Pin=U2-20
Removed Pin From Net: NetName=SPI0_MISO Pin=U2-21
Removed Pin From Net: NetName=GPIO25 Pin=U2-22
Removed Pin From Net: NetName=SPI0_SCLK Pin=U2-23
Removed Pin From Net: NetName=SPI0_CE0 Pin=U2-24
Removed Pin From Net: NetName=GND Pin=U2-25
Removed Pin From Net: NetName=SPI0_CE1 Pin=U2-26
Removed Pin From Net: NetName=I2C0_SDA Pin=U2-27
Removed Pin From Net: NetName=I2C0_SCL Pin=U2-28
Removed Pin From Net: NetName=GND Pin=U2-30
Removed Pin From Net: NetName=PWM0 Pin=U2-32
Removed Pin From Net: NetName=PWM1 Pin=U2-33
Removed Pin From Net: NetName=GND Pin=U2-34
Removed Pin From Net: NetName=GPIO26 Pin=U2-37
Removed Pin From Net: NetName=GPIO20 Pin=U2-38
Removed Pin From Net: NetName=GND Pin=U2-39
Removed Member From Class: ClassName=RaspberryPi3_Cape_V1.0 Member=U2
Added Room: Name=RaspberryPi3_Cape_V1.0
